# JRE version: OpenJDK Runtime Environment (8.0_76-b03) (build 1.8.0_76-release-b03)
# Java VM: OpenJDK 64-Bit Server VM (25.76-b03 mixed mode windows-amd64 compressed oops)
Heap:
 PSYoungGen      total 283136K, used 99587K [0x00000000e0000000, 0x00000000f2a00000, 0x0000000100000000)
  eden space 274432K, 33% used [0x00000000e0000000,0x00000000e58d3c28,0x00000000f0c00000)
  from space 8704K, 99% used [0x00000000f1800000,0x00000000f206d2e8,0x00000000f2080000)
  to   space 9728K, 0% used [0x00000000f2080000,0x00000000f2080000,0x00000000f2a00000)
 ParOldGen       total 105472K, used 48755K [0x00000000a0000000, 0x00000000a6700000, 0x00000000e0000000)
  object space 105472K, 46% used [0x00000000a0000000,0x00000000a2f9ce80,0x00000000a6700000)
 Metaspace       used 64665K, capacity 69324K, committed 69552K, reserved 1110016K
  class space    used 8503K, capacity 9170K, committed 9392K, reserved 1048576K
GC Heap History (10 events):
Event: 1931.128 GC heap before
{Heap before GC invocations=27 (full 8):
 PSYoungGen      total 301056K, used 83364K [0x00000000e0000000, 0x00000000f3600000, 0x0000000100000000)
  eden space 286720K, 29% used [0x00000000e0000000,0x00000000e51691b0,0x00000000f1800000)
  from space 14336K, 0% used [0x00000000f2800000,0x00000000f2800000,0x00000000f3600000)
  to   space 15360K, 0% used [0x00000000f1800000,0x00000000f1800000,0x00000000f2700000)
 ParOldGen       total 105472K, used 51013K [0x00000000a0000000, 0x00000000a6700000, 0x00000000e0000000)
  object space 105472K, 48% used [0x00000000a0000000,0x00000000a31d1748,0x00000000a6700000)
 Metaspace       used 64096K, capacity 67878K, committed 68144K, reserved 1107968K
  class space    used 8441K, capacity 9133K, committed 9264K, reserved 1048576K
Event: 1931.133 GC heap after
Heap after GC invocations=27 (full 8):
 PSYoungGen      total 302080K, used 1152K [0x00000000e0000000, 0x00000000f3700000, 0x0000000100000000)
  eden space 286720K, 0% used [0x00000000e0000000,0x00000000e0000000,0x00000000f1800000)
  from space 15360K, 7% used [0x00000000f1800000,0x00000000f1920000,0x00000000f2700000)
  to   space 15872K, 0% used [0x00000000f2780000,0x00000000f2780000,0x00000000f3700000)
 ParOldGen       total 105472K, used 51021K [0x00000000a0000000, 0x00000000a6700000, 0x00000000e0000000)
  object space 105472K, 48% used [0x00000000a0000000,0x00000000a31d3748,0x00000000a6700000)
 Metaspace       used 64096K, capacity 67878K, committed 68144K, reserved 1107968K
  class space    used 8441K, capacity 9133K, committed 9264K, reserved 1048576K
}
Event: 1931.133 GC heap before
{Heap before GC invocations=28 (full 9):
 PSYoungGen      total 302080K, used 1152K [0x00000000e0000000, 0x00000000f3700000, 0x0000000100000000)
  eden space 286720K, 0% used [0x00000000e0000000,0x00000000e0000000,0x00000000f1800000)
  from space 15360K, 7% used [0x00000000f1800000,0x00000000f1920000,0x00000000f2700000)
  to   space 15872K, 0% used [0x00000000f2780000,0x00000000f2780000,0x00000000f3700000)
 ParOldGen       total 105472K, used 51021K [0x00000000a0000000, 0x00000000a6700000, 0x00000000e0000000)
  object space 105472K, 48% used [0x00000000a0000000,0x00000000a31d3748,0x00000000a6700000)
 Metaspace       used 64096K, capacity 67878K, committed 68144K, reserved 1107968K
  class space    used 8441K, capacity 9133K, committed 9264K, reserved 1048576K
Event: 1931.704 GC heap after
Heap after GC invocations=28 (full 9):
 PSYoungGen      total 302080K, used 0K [0x00000000e0000000, 0x00000000f3700000, 0x0000000100000000)
  eden space 286720K, 0% used [0x00000000e0000000,0x00000000e0000000,0x00000000f1800000)
  from space 15360K, 0% used [0x00000000f1800000,0x00000000f1800000,0x00000000f2700000)
  to   space 15872K, 0% used [0x00000000f2780000,0x00000000f2780000,0x00000000f3700000)
 ParOldGen       total 105472K, used 46742K [0x00000000a0000000, 0x00000000a6700000, 0x00000000e0000000)
  object space 105472K, 44% used [0x00000000a0000000,0x00000000a2da5820,0x00000000a6700000)
 Metaspace       used 63301K, capacity 66854K, committed 68144K, reserved 1107968K
  class space    used 8298K, capacity 8917K, committed 9264K, reserved 1048576K
}
Event: 2062.079 GC heap before
{Heap before GC invocations=29 (full 9):
 PSYoungGen      total 302080K, used 250088K [0x00000000e0000000, 0x00000000f3700000, 0x0000000100000000)
  eden space 286720K, 87% used [0x00000000e0000000,0x00000000ef43a170,0x00000000f1800000)
  from space 15360K, 0% used [0x00000000f1800000,0x00000000f1800000,0x00000000f2700000)
  to   space 15872K, 0% used [0x00000000f2780000,0x00000000f2780000,0x00000000f3700000)
 ParOldGen       total 105472K, used 46742K [0x00000000a0000000, 0x00000000a6700000, 0x00000000e0000000)
  object space 105472K, 44% used [0x00000000a0000000,0x00000000a2da5820,0x00000000a6700000)
 Metaspace       used 63620K, capacity 67540K, committed 68144K, reserved 1107968K
  class space    used 8345K, capacity 8968K, committed 9264K, reserved 1048576K
Event: 2062.085 GC heap after
Heap after GC invocations=29 (full 9):
 PSYoungGen      total 302592K, used 3408K [0x00000000e0000000, 0x00000000f3700000, 0x0000000100000000)
  eden space 286720K, 0% used [0x00000000e0000000,0x00000000e0000000,0x00000000f1800000)
  from space 15872K, 21% used [0x00000000f2780000,0x00000000f2ad4010,0x00000000f3700000)
  to   space 15872K, 0% used [0x00000000f1800000,0x00000000f1800000,0x00000000f2780000)
 ParOldGen       total 105472K, used 46750K [0x00000000a0000000, 0x00000000a6700000, 0x00000000e0000000)
  object space 105472K, 44% used [0x00000000a0000000,0x00000000a2da7820,0x00000000a6700000)
 Metaspace       used 63620K, capacity 67540K, committed 68144K, reserved 1107968K
  class space    used 8345K, capacity 8968K, committed 9264K, reserved 1048576K
}
Event: 2062.085 GC heap before
{Heap before GC invocations=30 (full 10):
 PSYoungGen      total 302592K, used 3408K [0x00000000e0000000, 0x00000000f3700000, 0x0000000100000000)
  eden space 286720K, 0% used [0x00000000e0000000,0x00000000e0000000,0x00000000f1800000)
  from space 15872K, 21% used [0x00000000f2780000,0x00000000f2ad4010,0x00000000f3700000)
  to   space 15872K, 0% used [0x00000000f1800000,0x00000000f1800000,0x00000000f2780000)
 ParOldGen       total 105472K, used 46750K [0x00000000a0000000, 0x00000000a6700000, 0x00000000e0000000)
  object space 105472K, 44% used [0x00000000a0000000,0x00000000a2da7820,0x00000000a6700000)
 Metaspace       used 63620K, capacity 67540K, committed 68144K, reserved 1107968K
  class space    used 8345K, capacity 8968K, committed 9264K, reserved 1048576K
Event: 2062.483 GC heap after
Heap after GC invocations=30 (full 10):
 PSYoungGen      total 302592K, used 0K [0x00000000e0000000, 0x00000000f3700000, 0x0000000100000000)
  eden space 286720K, 0% used [0x00000000e0000000,0x00000000e0000000,0x00000000f1800000)
  from space 15872K, 0% used [0x00000000f2780000,0x00000000f2780000,0x00000000f3700000)
  to   space 15872K, 0% used [0x00000000f1800000,0x00000000f1800000,0x00000000f2780000)
 ParOldGen       total 105472K, used 48747K [0x00000000a0000000, 0x00000000a6700000, 0x00000000e0000000)
  object space 105472K, 46% used [0x00000000a0000000,0x00000000a2f9ae80,0x00000000a6700000)
 Metaspace       used 63594K, capacity 67452K, committed 68144K, reserved 1107968K
  class space    used 8337K, capacity 8960K, committed 9264K, reserved 1048576K
}
Event: 3234.129 GC heap before
{Heap before GC invocations=31 (full 10):
 PSYoungGen      total 302592K, used 286720K [0x00000000e0000000, 0x00000000f3700000, 0x0000000100000000)
  eden space 286720K, 100% used [0x00000000e0000000,0x00000000f1800000,0x00000000f1800000)
  from space 15872K, 0% used [0x00000000f2780000,0x00000000f2780000,0x00000000f3700000)
  to   space 15872K, 0% used [0x00000000f1800000,0x00000000f1800000,0x00000000f2780000)
 ParOldGen       total 105472K, used 48747K [0x00000000a0000000, 0x00000000a6700000, 0x00000000e0000000)
  object space 105472K, 46% used [0x00000000a0000000,0x00000000a2f9ae80,0x00000000a6700000)
 Metaspace       used 64530K, capacity 69050K, committed 69168K, reserved 1110016K
  class space    used 8501K, capacity 9167K, committed 9264K, reserved 1048576K
Event: 3234.252 GC heap after
Heap after GC invocations=31 (full 10):
 PSYoungGen      total 283136K, used 8628K [0x00000000e0000000, 0x00000000f2a00000, 0x0000000100000000)
  eden space 274432K, 0% used [0x00000000e0000000,0x00000000e0000000,0x00000000f0c00000)
  from space 8704K, 99% used [0x00000000f1800000,0x00000000f206d2e8,0x00000000f2080000)
  to   space 9728K, 0% used [0x00000000f2080000,0x00000000f2080000,0x00000000f2a00000)
 ParOldGen       total 105472K, used 48755K [0x00000000a0000000, 0x00000000a6700000, 0x00000000e0000000)
  object space 105472K, 46% used [0x00000000a0000000,0x00000000a2f9ce80,0x00000000a6700000)
 Metaspace       used 64530K, capacity 69050K, committed 69168K, reserved 1110016K
  class space    used 8501K, capacity 9167K, committed 9264K, reserved 1048576K
}

